<?xml version="1.0" encoding="UTF-8"?>
<testsuite name="com.example.demo.test" tests="1" skipped="0" failures="0" errors="0" timestamp="2022-12-08T10:18:04" hostname="DESKTOP-DVO3R0E" time="0.037">
  <properties/>
  <testcase name="te()" classname="com.example.demo.test" time="0.037"/>
  <system-out><![CDATA[0
1
]]></system-out>
  <system-err><![CDATA[]]></system-err>
</testsuite>
